VPP Version                 : 21.10-rc0~134-g0c3d63cce
Binapi-generator version    : govpp v0.4.0-dev
VPP Base commit             : 6f6663f3b span: api cleanup
------------------ Cherry picked commits --------------------
gerrit:33020/2 l3xc: reset dpo on delete
gerrit:33303/2 memif: fix offset
gerrit:32685/4 wireguard: add events for peer
gerrit:32009/5 wireguard: add ipv6 support
gerrit:32443/7 wireguard: use the same udp-port for multi-tunnel
gerrit:32413/6 wireguard: move adjacency processing from wireguard_peer to wireguard_interface
gerrit:33495/2 arp: source address selection
gerrit:33156/3 ip-neighbor: GARP sent to bogus ip address
gerrit:33449/9 ip: source address selection
gerrit:33164/3 dpdk: enable ena interrupt support in dpdk version 21.05
gerrit:28513/20 capo: Calico Policies plugin
gerrit:28083/16 acl: acl-plugin custom policies
gerrit:31588/1 cnat: [WIP] no k8s maglev from pods
gerrit:31868/1 ip6-nd: silent the source and target checks on given interface
gerrit:32871/1 devices: Add queues params in create_if
gerrit:32483/1 virtio: Still init unused txq
gerrit:32482/1 virtio: compute cksums in output no offload
gerrit:32476/3 gso: handle push flag in gro
gerrit:31869/13 gso: do not try gro on small packets
Revert "gso: fix the gro re-ordering for packets with PSH"
gerrit:31321/10 devices: add support for pseudo header checksum
gerrit:29386/9 virtio: DRAFT: multi tx support
gerrit:32833/1 ipsec: disable linearization
gerrit:32732/1 crypto: fix sw async crypto with chained buffers
gerrit:32468/3 buffers: fix buffer linearization
-------------------------------------------------------------
